<?xml version="1.0" encoding="UTF-8" ?>

<testsuite failures="0" time="0.059" errors="0" skipped="0" tests="2" name="BasicTest">
  <testcase classname="BasicTest" name="aVeryImportantThingToTest" time="0">
      </testcase>
  <testcase classname="BasicTest" name="createAndRetriveUser" time="0.059">
      </testcase>
</testsuite>
